<?xml version="1.0" encoding="UTF-8"?>
<!-- Generated by org.testng.reporters.JUnitReportReporter -->
<testsuite hostname="ETPLGGN-434MMJ2" failures="0" tests="1" name="cucumberoptions.TestRunner" time="91.789" errors="0" timestamp="2024-03-03T22:16:59 IST" skipped="0">
  <testcase classname="cucumberoptions.TestRunner" name="runScenario" time="91.789"/>
  <system-out/>
</testsuite> <!-- cucumberoptions.TestRunner -->
