<?xml version="1.0" encoding="UTF-8"?>
<!-- Generated by org.testng.reporters.JUnitReportReporter -->
<testsuite hostname="ETPLGGN-434MMJ2" failures="0" tests="1" name="cucumberoptions.FailTestNGTestRunner" time="86.315" errors="0" timestamp="2024-03-04T09:48:33 IST" skipped="0">
  <testcase classname="cucumberoptions.FailTestNGTestRunner" name="runScenario" time="86.315"/>
  <system-out/>
</testsuite> <!-- cucumberoptions.FailTestNGTestRunner -->
