<?xml version="1.0" encoding="UTF-8"?>
<!-- Generated by org.testng.reporters.JUnitReportReporter -->
<testsuite hostname="ETPLGGN-434MMJ2" failures="0" tests="1" name="cucumberoptions.TestNGTestRunner" time="44.805" errors="0" timestamp="2024-03-10T23:13:19 IST" skipped="0">
  <testcase classname="cucumberoptions.TestNGTestRunner" name="runScenario" time="44.805"/>
  <system-out/>
</testsuite> <!-- cucumberoptions.TestNGTestRunner -->
